2026-06-26 15:56:08 [INFO] main - ══════════════════════════════════════════════════
2026-06-26 15:56:08 [INFO] main - 開始執行股票篩選 (2026-06-26 15:56:08)
2026-06-26 15:56:11 [INFO] trading_calendar - 已載入 2026 年休市日期 0 筆
2026-06-26 15:56:11 [INFO] screener - 開始執行股票篩選...
2026-06-26 15:56:11 [INFO] screener - 取得即時快照...
2026-06-26 15:56:11 [ERROR] data_fetcher - 抓取 TWSE 快照失敗: 富邦 SDK 登入失敗: object of type 'builtins.CustomReturnType' has no len()
2026-06-26 15:56:12 [ERROR] data_fetcher - 抓取 TPEx 快照失敗: 富邦 SDK 登入失敗: object of type 'builtins.CustomReturnType' has no len()
2026-06-26 15:56:12 [INFO] screener - 共取得 0 檔股票快照
2026-06-26 15:56:12 [INFO] screener - 篩選完成，符合條件: 0 / 0
2026-06-26 15:56:12 [ERROR] notifier - 未設定收件人 Email，請確認 config.yaml 或 .env
2026-06-26 15:56:12 [INFO] main - 本次篩選結束，共 0 檔符合條件
2026-06-26 15:56:12 [INFO] main - ══════════════════════════════════════════════════
2026-06-26 16:01:42 [INFO] main - ══════════════════════════════════════════════════
2026-06-26 16:01:42 [INFO] main - 開始執行股票篩選 (2026-06-26 16:01:42)
2026-06-26 16:01:44 [INFO] trading_calendar - 已載入 2026 年休市日期 0 筆
2026-06-26 16:01:44 [INFO] screener - 開始執行股票篩選...
2026-06-26 16:01:44 [INFO] screener - 取得即時快照...
2026-06-26 16:01:46 [INFO] data_fetcher - 富邦 SDK 登入成功
2026-06-26 16:01:46 [ERROR] data_fetcher - 抓取 TWSE 快照失敗: 富邦 SDK init_realtime 失敗: Login Error, 尚未登入，無法產生信任認證
可能原因：帳號密碼錯誤、憑證過期、或網路無法連線
2026-06-26 16:01:48 [INFO] data_fetcher - 富邦 SDK 登入成功
2026-06-26 16:01:48 [ERROR] data_fetcher - 抓取 TPEx 快照失敗: 富邦 SDK init_realtime 失敗: Login Error, 尚未登入，無法產生信任認證
可能原因：帳號密碼錯誤、憑證過期、或網路無法連線
2026-06-26 16:01:48 [INFO] screener - 共取得 0 檔股票快照
2026-06-26 16:01:48 [INFO] screener - 篩選完成，符合條件: 0 / 0
2026-06-26 16:01:48 [ERROR] notifier - 未設定收件人 Email，請確認 config.yaml 或 .env
2026-06-26 16:01:48 [INFO] main - 本次篩選結束，共 0 檔符合條件
2026-06-26 16:01:48 [INFO] main - ══════════════════════════════════════════════════
2026-06-26 16:04:49 [INFO] main - ══════════════════════════════════════════════════
2026-06-26 16:04:49 [INFO] main - 開始執行股票篩選 (2026-06-26 16:04:49)
2026-06-26 16:04:50 [INFO] trading_calendar - 已載入 2026 年休市日期 0 筆
2026-06-26 16:04:50 [INFO] screener - 開始執行股票篩選...
2026-06-26 16:04:50 [INFO] screener - 取得即時快照...
2026-06-26 16:04:51 [INFO] data_fetcher - 富邦 SDK 登入成功
2026-06-26 16:04:51 [ERROR] data_fetcher - 抓取 TWSE 快照失敗: 富邦 SDK init_realtime 失敗: Login Error, 尚未登入，無法產生信任認證
可能原因：帳號密碼錯誤、憑證過期、或網路無法連線
2026-06-26 16:04:52 [INFO] data_fetcher - 富邦 SDK 登入成功
2026-06-26 16:04:52 [ERROR] data_fetcher - 抓取 TPEx 快照失敗: 富邦 SDK init_realtime 失敗: Login Error, 尚未登入，無法產生信任認證
可能原因：帳號密碼錯誤、憑證過期、或網路無法連線
2026-06-26 16:04:52 [INFO] screener - 共取得 0 檔股票快照
2026-06-26 16:04:52 [INFO] screener - 篩選完成，符合條件: 0 / 0
2026-06-26 16:04:52 [ERROR] notifier - 未設定收件人 Email，請確認 config.yaml 或 .env
2026-06-26 16:04:52 [INFO] main - 本次篩選結束，共 0 檔符合條件
2026-06-26 16:04:52 [INFO] main - ══════════════════════════════════════════════════
2026-06-26 16:09:14 [INFO] main - ══════════════════════════════════════════════════
2026-06-26 16:09:14 [INFO] main - 開始執行股票篩選 (2026-06-26 16:09:14)
2026-06-26 16:09:15 [INFO] trading_calendar - 已載入 2026 年休市日期 0 筆
2026-06-26 16:09:15 [INFO] screener - 開始執行股票篩選...
2026-06-26 16:09:15 [INFO] screener - 取得即時快照...
2026-06-26 16:09:16 [INFO] data_fetcher - 富邦 SDK 登入成功
2026-06-26 16:09:16 [ERROR] data_fetcher - 抓取 TWSE 快照失敗: 富邦 SDK 登入失敗: 登入失敗: certificate key error
2026-06-26 16:09:17 [INFO] data_fetcher - 富邦 SDK 登入成功
2026-06-26 16:09:17 [ERROR] data_fetcher - 抓取 TPEx 快照失敗: 富邦 SDK 登入失敗: 登入失敗: certificate key error
2026-06-26 16:09:17 [INFO] screener - 共取得 0 檔股票快照
2026-06-26 16:09:17 [INFO] screener - 篩選完成，符合條件: 0 / 0
2026-06-26 16:09:17 [ERROR] notifier - 未設定收件人 Email，請確認 config.yaml 或 .env
2026-06-26 16:09:17 [INFO] main - 本次篩選結束，共 0 檔符合條件
2026-06-26 16:09:17 [INFO] main - ══════════════════════════════════════════════════
2026-06-26 16:09:42 [INFO] main - ══════════════════════════════════════════════════
2026-06-26 16:09:42 [INFO] main - 開始執行股票篩選 (2026-06-26 16:09:42)
2026-06-26 16:09:43 [INFO] trading_calendar - 已載入 2026 年休市日期 0 筆
2026-06-26 16:09:43 [INFO] screener - 開始執行股票篩選...
2026-06-26 16:09:43 [INFO] screener - 取得即時快照...
2026-06-26 16:09:45 [INFO] data_fetcher - 富邦 SDK 登入成功
2026-06-26 16:09:46 [INFO] data_fetcher - 富邦 Neo API 登入並初始化成功
2026-06-26 16:09:46 [INFO] data_fetcher - 取得 TWSE 快照 1527 筆
2026-06-26 16:09:47 [INFO] data_fetcher - 取得 TPEx 快照 1409 筆
2026-06-26 16:09:47 [INFO] screener - 共取得 2936 檔股票快照
2026-06-26 16:28:54 [INFO] main - ══════════════════════════════════════════════════
2026-06-26 16:28:54 [INFO] main - 開始執行股票篩選 (2026-06-26 16:28:54)
2026-06-26 16:28:56 [INFO] trading_calendar - 已載入 2026 年休市日期 0 筆
2026-06-26 16:28:56 [INFO] screener - 開始執行股票篩選...
2026-06-26 16:28:56 [INFO] screener - 取得即時快照...
2026-06-26 16:28:58 [INFO] data_fetcher - 富邦 SDK 登入成功
2026-06-26 16:28:58 [INFO] data_fetcher - 富邦 Neo API 登入並初始化成功
2026-06-26 16:28:58 [INFO] data_fetcher - 取得 TWSE 快照 1527 筆
2026-06-26 16:28:59 [INFO] data_fetcher - 取得 TPEx 快照 1409 筆
2026-06-26 16:28:59 [INFO] screener - 共取得 2936 檔股票快照
2026-06-26 16:29:09 [INFO] screener - 篩選完成，符合條件: 0 / 2936
2026-06-26 16:29:09 [ERROR] notifier - 未設定收件人 Email，請確認 config.yaml 或 .env
2026-06-26 16:29:09 [INFO] main - 本次篩選結束，共 0 檔符合條件
2026-06-26 16:29:09 [INFO] main - ══════════════════════════════════════════════════
2026-06-26 16:48:19 [INFO] main - ══════════════════════════════════════════════════
2026-06-26 16:48:19 [INFO] main - 開始執行股票篩選 (2026-06-26 16:48:19)
2026-06-26 16:48:20 [INFO] trading_calendar - 已載入 2026 年休市日期 0 筆
2026-06-26 16:48:20 [INFO] screener - 開始執行股票篩選...
2026-06-26 16:48:20 [INFO] screener - 取得即時快照...
2026-06-26 16:48:21 [INFO] data_fetcher - 富邦 SDK 登入成功
2026-06-26 16:48:22 [INFO] data_fetcher - 富邦 Neo API 登入並初始化成功
2026-06-26 16:48:22 [INFO] data_fetcher - 取得 TWSE 快照 1527 筆
2026-06-26 16:48:23 [INFO] data_fetcher - 取得 TPEx 快照 1409 筆
2026-06-26 16:48:23 [INFO] screener - 共取得 2936 檔股票快照
2026-06-26 16:48:31 [INFO] screener - 篩選完成，符合條件: 0 / 評估: 2936 / 快照: 2936
2026-06-26 16:48:31 [INFO] main - 篩選明細已儲存至 results\latest_run.json
2026-06-26 16:48:31 [ERROR] notifier - 未設定收件人 Email，請確認 config.yaml 或 .env
2026-06-26 16:48:31 [INFO] main - 本次篩選結束，共 0 檔符合條件
2026-06-26 16:48:31 [INFO] main - ══════════════════════════════════════════════════
2026-06-26 16:52:49 [INFO] screener - 篩選完成，符合條件: 0 / 2936
2026-06-26 16:52:49 [ERROR] notifier - 未設定收件人 Email，請確認 config.yaml 或 .env
2026-06-26 16:52:49 [INFO] main - 本次篩選結束，共 0 檔符合條件
2026-06-26 16:52:49 [INFO] main - ══════════════════════════════════════════════════
2026-06-26 16:54:48 [INFO] main - ══════════════════════════════════════════════════
2026-06-26 16:54:48 [INFO] main - 開始執行股票篩選 (2026-06-26 16:54:48)
2026-06-26 16:54:50 [INFO] trading_calendar - 已載入 2026 年休市日期 0 筆
2026-06-26 16:54:50 [INFO] screener - 開始執行股票篩選...
2026-06-26 16:54:50 [INFO] screener - 取得即時快照...
2026-06-26 16:54:53 [INFO] main - ══════════════════════════════════════════════════
2026-06-26 16:54:53 [INFO] main - 開始執行股票篩選 (2026-06-26 16:54:53)
2026-06-26 16:54:53 [INFO] trading_calendar - 已載入 2026 年休市日期 0 筆
2026-06-26 16:54:53 [INFO] screener - 開始執行股票篩選...
2026-06-26 16:54:53 [INFO] screener - 取得即時快照...
2026-06-26 16:54:54 [INFO] data_fetcher - 富邦 SDK 登入成功
2026-06-26 16:54:54 [INFO] data_fetcher - 富邦 Neo API 登入並初始化成功
2026-06-26 16:54:55 [INFO] data_fetcher - 取得 TWSE 快照 1527 筆
2026-06-26 16:54:55 [INFO] data_fetcher - 富邦 SDK 登入成功
2026-06-26 16:54:55 [INFO] data_fetcher - 富邦 Neo API 登入並初始化成功
2026-06-26 16:54:56 [INFO] data_fetcher - 取得 TPEx 快照 1409 筆
2026-06-26 16:54:56 [INFO] screener - 共取得 2936 檔股票快照
2026-06-26 16:54:56 [INFO] data_fetcher - 取得 TWSE 快照 1527 筆
2026-06-26 16:54:57 [INFO] data_fetcher - 取得 TPEx 快照 1409 筆
2026-06-26 16:54:57 [INFO] screener - 共取得 2936 檔股票快照
2026-06-26 16:55:45 [INFO] main - ══════════════════════════════════════════════════
2026-06-26 16:55:45 [INFO] main - 開始執行股票篩選 (2026-06-26 16:55:45)
2026-06-26 16:55:46 [INFO] trading_calendar - 已載入 2026 年休市日期 0 筆
2026-06-26 16:55:46 [INFO] screener - 開始執行股票篩選...
2026-06-26 16:55:46 [INFO] screener - 取得即時快照...
2026-06-26 16:55:48 [INFO] data_fetcher - 富邦 SDK 登入成功
2026-06-26 16:55:48 [INFO] data_fetcher - 富邦 Neo API 登入並初始化成功
2026-06-26 16:55:49 [INFO] data_fetcher - 取得 TWSE 快照 1527 筆
2026-06-26 16:55:51 [INFO] data_fetcher - 取得 TPEx 快照 1409 筆
2026-06-26 16:55:51 [INFO] screener - 共取得 2936 檔股票快照
2026-06-26 17:04:02 [INFO] screener - 篩選完成，符合條件: 0 / 評估: 2936 / 快照: 2936
2026-06-26 17:04:02 [INFO] main - 篩選明細已儲存至 results\latest_run.json
2026-06-26 17:04:02 [ERROR] notifier - 未設定收件人 Email，請確認 config.yaml 或 .env
2026-06-26 17:04:02 [INFO] main - 本次篩選結束，共 0 檔符合條件
2026-06-26 17:04:02 [INFO] main - ══════════════════════════════════════════════════
2026-06-26 17:04:58 [INFO] screener - 篩選完成，符合條件: 0 / 評估: 2936 / 快照: 2936
2026-06-26 17:04:58 [INFO] main - 篩選明細已儲存至 results\latest_run.json
2026-06-26 17:04:58 [ERROR] notifier - 未設定收件人 Email，請確認 config.yaml 或 .env
2026-06-26 17:04:58 [INFO] main - 本次篩選結束，共 0 檔符合條件
2026-06-26 17:04:58 [INFO] main - ══════════════════════════════════════════════════
2026-06-26 17:09:07 [INFO] main - ══════════════════════════════════════════════════
2026-06-26 17:09:07 [INFO] main - 開始執行股票篩選 (2026-06-26 17:09:07)
2026-06-26 17:09:10 [INFO] trading_calendar - 已載入 2026 年休市日期 0 筆
2026-06-26 17:09:10 [INFO] screener - 開始執行股票篩選...
2026-06-26 17:09:10 [INFO] screener - 取得即時快照...
2026-06-26 17:09:13 [INFO] data_fetcher - 富邦 SDK 登入成功
2026-06-26 17:09:13 [INFO] data_fetcher - 富邦 Neo API 登入並初始化成功
2026-06-26 17:09:14 [INFO] data_fetcher - 取得 TWSE 快照 1527 筆
2026-06-26 17:09:16 [INFO] data_fetcher - 取得 TPEx 快照 1409 筆
2026-06-26 17:09:16 [INFO] screener - 共取得 2936 檔股票快照
2026-06-26 17:12:54 [INFO] screener - 篩選完成，符合條件: 0 / 評估: 2936 / 快照: 2936
2026-06-26 17:12:54 [INFO] main - 篩選明細已儲存至 results\latest_run.json
2026-06-26 17:12:54 [ERROR] notifier - 未設定收件人 Email，請確認 config.yaml 或 .env
2026-06-26 17:12:54 [INFO] main - 本次篩選結束，共 0 檔符合條件
2026-06-26 17:12:54 [INFO] main - ══════════════════════════════════════════════════
2026-06-26 17:13:12 [INFO] main - ══════════════════════════════════════════════════
2026-06-26 17:13:12 [INFO] main - 開始執行股票篩選 (2026-06-26 17:13:12)
2026-06-26 17:13:13 [INFO] trading_calendar - 已載入 2026 年休市日期 0 筆
2026-06-26 17:13:13 [INFO] screener - 開始執行股票篩選...
2026-06-26 17:13:13 [INFO] screener - 取得即時快照...
2026-06-26 17:13:15 [INFO] data_fetcher - 富邦 SDK 登入成功
2026-06-26 17:13:15 [INFO] data_fetcher - 富邦 Neo API 登入並初始化成功
2026-06-26 17:13:16 [INFO] data_fetcher - 取得 TWSE 快照 1527 筆
2026-06-26 17:13:16 [INFO] data_fetcher - 取得 TPEx 快照 1409 筆
2026-06-26 17:13:16 [INFO] screener - 共取得 2936 檔股票快照
2026-06-26 17:19:59 [INFO] screener - 篩選完成，符合條件: 0 / 評估: 2936 / 快照: 2936
2026-06-26 17:19:59 [INFO] main - 篩選明細已儲存至 results\latest_run.json
2026-06-26 17:19:59 [ERROR] notifier - 未設定收件人 Email，請確認 config.yaml 或 .env
2026-06-26 17:19:59 [INFO] main - 本次篩選結束，共 0 檔符合條件
2026-06-26 17:19:59 [INFO] main - ══════════════════════════════════════════════════
2026-06-26 17:23:32 [INFO] screener - 篩選完成，符合條件: 0 / 評估: 2936 / 快照: 2936
2026-06-26 17:23:32 [INFO] main - 篩選明細已儲存至 results\latest_run.json
2026-06-26 17:23:32 [ERROR] notifier - 未設定收件人 Email，請確認 config.yaml 或 .env
2026-06-26 17:23:32 [INFO] main - 本次篩選結束，共 0 檔符合條件
2026-06-26 17:23:32 [INFO] main - ══════════════════════════════════════════════════
2026-06-26 17:41:32 [INFO] main - ══════════════════════════════════════════════════
2026-06-26 17:41:32 [INFO] main - 開始執行股票篩選 (2026-06-26 17:41:32)
2026-06-26 17:41:34 [INFO] trading_calendar - 已載入 2026 年休市日期 0 筆
2026-06-26 17:41:34 [INFO] screener - 開始執行股票篩選...
2026-06-26 17:41:34 [INFO] screener - 取得即時快照...
2026-06-26 17:41:35 [INFO] data_fetcher - 富邦 SDK 登入成功
2026-06-26 17:41:36 [INFO] data_fetcher - 富邦 Neo API 登入並初始化成功
2026-06-26 17:41:36 [INFO] data_fetcher - 取得 TWSE 快照 1527 筆
2026-06-26 17:41:37 [INFO] data_fetcher - 取得 TPEx 快照 1409 筆
2026-06-26 17:41:37 [INFO] screener - 共取得 2936 檔股票快照
2026-06-26 17:48:11 [INFO] main - ══════════════════════════════════════════════════
2026-06-26 17:48:11 [INFO] main - 開始執行股票篩選 (2026-06-26 17:48:11)
2026-06-26 17:48:11 [INFO] trading_calendar - 已載入 2026 年休市日期 0 筆
2026-06-26 17:48:11 [INFO] screener - 開始執行股票篩選...
2026-06-26 17:48:11 [INFO] screener - 取得即時快照...
2026-06-26 17:48:12 [INFO] screener - 篩選完成，符合條件: 0 / 評估: 2460 / 快照: 2936
2026-06-26 17:48:13 [INFO] main - 篩選明細已儲存至 results\latest_run.json
2026-06-26 17:48:13 [ERROR] notifier - 未設定收件人 Email，請確認 config.yaml 或 .env
2026-06-26 17:48:13 [INFO] main - 本次篩選結束，共 0 檔符合條件
2026-06-26 17:48:13 [INFO] main - ══════════════════════════════════════════════════
2026-06-26 17:48:14 [INFO] data_fetcher - 富邦 SDK 登入成功
2026-06-26 17:48:14 [INFO] data_fetcher - 富邦 Neo API 登入並初始化成功
2026-06-26 17:48:15 [INFO] data_fetcher - 取得 TWSE 快照 1527 筆
2026-06-26 17:48:17 [INFO] data_fetcher - 取得 TPEx 快照 1409 筆
2026-06-26 17:48:17 [INFO] screener - 共取得 2936 檔股票快照
2026-06-26 17:54:24 [INFO] screener - 篩選完成，符合條件: 0 / 評估: 2460 / 快照: 2936
2026-06-26 17:54:24 [INFO] main - 篩選明細已儲存至 results\latest_run.json
2026-06-26 17:54:24 [ERROR] notifier - 未設定收件人 Email，請確認 config.yaml 或 .env
2026-06-26 17:54:24 [INFO] main - 本次篩選結束，共 0 檔符合條件
2026-06-26 17:54:24 [INFO] main - ══════════════════════════════════════════════════
2026-06-26 18:07:51 [INFO] main - ══════════════════════════════════════════════════
2026-06-26 18:07:51 [INFO] main - 開始執行股票篩選 (2026-06-26 18:07:51)
2026-06-26 18:07:52 [INFO] trading_calendar - 已載入 2026 年休市日期 0 筆
2026-06-26 18:07:52 [INFO] screener - 開始執行股票篩選...
2026-06-26 18:07:52 [INFO] screener - 取得即時快照...
2026-06-26 18:07:54 [INFO] data_fetcher - 富邦 SDK 登入成功
2026-06-26 18:07:54 [INFO] data_fetcher - 富邦 Neo API 登入並初始化成功
2026-06-26 18:07:56 [INFO] data_fetcher - 取得 TWSE 快照 1527 筆
2026-06-26 18:07:56 [INFO] main - ══════════════════════════════════════════════════
2026-06-26 18:07:56 [INFO] main - 開始執行股票篩選 (2026-06-26 18:07:56)
2026-06-26 18:07:58 [INFO] trading_calendar - 已載入 2026 年休市日期 0 筆
2026-06-26 18:07:58 [INFO] screener - 開始執行股票篩選...
2026-06-26 18:07:58 [INFO] screener - 取得即時快照...
2026-06-26 18:07:59 [INFO] data_fetcher - 取得 TPEx 快照 1409 筆
2026-06-26 18:07:59 [INFO] screener - 共取得 2936 檔股票快照
2026-06-26 18:08:00 [INFO] data_fetcher - 富邦 SDK 登入成功
2026-06-26 18:08:01 [INFO] data_fetcher - 富邦 Neo API 登入並初始化成功
2026-06-26 18:08:03 [INFO] data_fetcher - 取得 TWSE 快照 1527 筆
2026-06-26 18:08:04 [INFO] data_fetcher - 取得 TPEx 快照 1409 筆
2026-06-26 18:08:04 [INFO] screener - 共取得 2936 檔股票快照
2026-06-26 18:10:36 [INFO] screener - 篩選完成，符合條件: 0 / 評估: 2460 / 快照: 2936
2026-06-26 18:10:36 [INFO] main - 篩選明細已儲存至 results\latest_run.json
2026-06-26 18:10:36 [ERROR] notifier - 未設定收件人 Email，請確認 config.yaml 或 .env
2026-06-26 18:10:36 [INFO] main - 本次篩選結束，共 0 檔符合條件
2026-06-26 18:10:36 [INFO] main - ══════════════════════════════════════════════════
2026-06-26 18:10:53 [INFO] screener - 篩選完成，符合條件: 0 / 評估: 2460 / 快照: 2936
2026-06-26 18:10:53 [INFO] main - 篩選明細已儲存至 results\latest_run.json
2026-06-26 18:10:53 [ERROR] notifier - 未設定收件人 Email，請確認 config.yaml 或 .env
2026-06-26 18:10:53 [INFO] main - 本次篩選結束，共 0 檔符合條件
2026-06-26 18:10:53 [INFO] main - ══════════════════════════════════════════════════
2026-06-26 18:18:05 [INFO] main - ══════════════════════════════════════════════════
2026-06-26 18:18:05 [INFO] main - 開始執行股票篩選 (2026-06-26 18:18:05)
2026-06-26 18:18:07 [INFO] trading_calendar - 已載入 2026 年休市日期 0 筆
2026-06-26 18:18:07 [INFO] screener - 開始執行股票篩選...
2026-06-26 18:18:07 [INFO] screener - 取得即時快照...
2026-06-26 18:18:08 [INFO] data_fetcher - 富邦 SDK 登入成功
2026-06-26 18:18:08 [INFO] data_fetcher - 富邦 Neo API 登入並初始化成功
2026-06-26 18:18:09 [INFO] data_fetcher - 取得 TWSE 快照 1527 筆
2026-06-26 18:18:09 [INFO] data_fetcher - 取得 TPEx 快照 1409 筆
2026-06-26 18:18:09 [INFO] screener - 共取得 2936 檔股票快照
2026-06-26 18:18:13 [INFO] main - ══════════════════════════════════════════════════
2026-06-26 18:18:13 [INFO] main - 開始執行股票篩選 (2026-06-26 18:18:13)
2026-06-26 18:18:14 [INFO] trading_calendar - 已載入 2026 年休市日期 0 筆
2026-06-26 18:18:14 [INFO] screener - 開始執行股票篩選...
2026-06-26 18:18:14 [INFO] screener - 取得即時快照...
2026-06-26 18:18:14 [INFO] data_fetcher - 富邦 SDK 登入成功
2026-06-26 18:18:15 [INFO] data_fetcher - 富邦 Neo API 登入並初始化成功
2026-06-26 18:18:15 [INFO] data_fetcher - 取得 TWSE 快照 1527 筆
2026-06-26 18:18:16 [INFO] data_fetcher - 取得 TPEx 快照 1409 筆
2026-06-26 18:18:16 [INFO] screener - 共取得 2936 檔股票快照
2026-06-26 18:24:18 [INFO] screener - 篩選完成，符合條件: 0 / 評估: 2460 / 快照: 2936
2026-06-26 18:24:18 [INFO] main - 篩選明細已儲存至 results\latest_run.json
2026-06-26 18:24:18 [ERROR] notifier - 未設定收件人 Email，請確認 config.yaml 或 .env
2026-06-26 18:24:18 [INFO] main - 本次篩選結束，共 0 檔符合條件
2026-06-26 18:24:18 [INFO] main - ══════════════════════════════════════════════════
2026-06-26 18:24:26 [INFO] screener - 篩選完成，符合條件: 0 / 評估: 2460 / 快照: 2936
2026-06-26 18:24:26 [INFO] main - 篩選明細已儲存至 results\latest_run.json
2026-06-26 18:24:26 [ERROR] notifier - 未設定收件人 Email，請確認 config.yaml 或 .env
2026-06-26 18:24:26 [INFO] main - 本次篩選結束，共 0 檔符合條件
2026-06-26 18:24:26 [INFO] main - ══════════════════════════════════════════════════
2026-06-26 21:40:18 [INFO] main - ══════════════════════════════════════════════════
2026-06-26 21:40:18 [INFO] main - 開始執行股票篩選 (2026-06-26 21:40:18)
2026-06-26 21:40:19 [INFO] trading_calendar - 已載入 2026 年休市日期 0 筆
2026-06-26 21:40:19 [INFO] screener - 開始執行股票篩選...
2026-06-26 21:40:19 [INFO] screener - 取得即時快照...
2026-06-26 21:40:22 [INFO] data_fetcher - 富邦 SDK 登入成功
2026-06-26 21:40:22 [INFO] data_fetcher - 富邦 Neo API 登入並初始化成功
2026-06-26 21:40:23 [INFO] data_fetcher - 取得 TWSE 快照 1527 筆
2026-06-26 21:40:24 [INFO] data_fetcher - 取得 TPEx 快照 1409 筆
2026-06-26 21:40:24 [INFO] screener - 共取得 2936 檔股票快照
2026-06-26 21:45:52 [INFO] screener - 篩選完成，符合條件: 0 / 評估: 2460 / 快照: 2936
2026-06-26 21:45:53 [INFO] main - 篩選明細已儲存至 results\latest_run.json
2026-06-26 21:45:53 [ERROR] notifier - 未設定收件人 Email，請確認 config.yaml 或 .env
2026-06-26 21:45:53 [INFO] main - 本次篩選結束，共 0 檔符合條件
2026-06-26 21:45:53 [INFO] main - ══════════════════════════════════════════════════
2026-06-26 21:52:46 [INFO] main - 排程啟動，將於每個交易日 13:00 執行篩選
