2026-06-25 17:36:19 [INFO] main - ══════════════════════════════════════════════════
2026-06-25 17:36:19 [INFO] main - 開始執行股票篩選 (2026-06-25 17:36:19)
2026-06-25 17:36:19 [WARNING] trading_calendar - 無法取得 FinMind 交易日曆: 400 Client Error: Bad Request for url: https://api.finmindtrade.com/api/v4/data?dataset=TaiwanStockTradingDailyReport&start_date=2026-01-01&end_date=2026-12-31&token=，改用近似法判斷
2026-06-25 17:36:19 [INFO] screener - 開始執行股票篩選...
2026-06-25 17:36:19 [INFO] screener - 取得股票基本資訊 (股本、市值)...
2026-06-25 17:36:20 [INFO] screener - 取得即時快照...
2026-06-25 17:36:21 [INFO] data_fetcher - 富邦 Neo API 登入成功
2026-06-25 17:36:21 [ERROR] main - 篩選過程發生未預期錯誤: 'FubonSDK' object has no attribute 'marketdata'
Traceback (most recent call last):
  File "C:\Users\limue\Documents\Projects\stock_notification\main.py", line 59, in run_screening
    passed_stocks = screener.run()
  File "C:\Users\limue\Documents\Projects\stock_notification\screener.py", line 144, in run
    snapshots = self.realtime.get_all_snapshots()
  File "C:\Users\limue\Documents\Projects\stock_notification\data_fetcher.py", line 53, in get_all_snapshots
    rest = sdk.marketdata.rest_client
           ^^^^^^^^^^^^^^
AttributeError: 'FubonSDK' object has no attribute 'marketdata'
2026-06-25 17:37:18 [INFO] main - 排程啟動，將於每個交易日 13:00 執行篩選
2026-06-25 17:42:06 [INFO] main - ══════════════════════════════════════════════════
2026-06-25 17:42:06 [INFO] main - 開始執行股票篩選 (2026-06-25 17:42:06)
2026-06-25 17:42:07 [INFO] trading_calendar - 已載入 2026 年休市日期 0 筆
2026-06-25 17:42:07 [INFO] screener - 開始執行股票篩選...
2026-06-25 17:42:07 [INFO] screener - 取得即時快照...
2026-06-25 17:42:08 [INFO] data_fetcher - 富邦 Neo API 登入成功
2026-06-25 17:42:08 [ERROR] main - 篩選過程發生未預期錯誤: 'FubonSDK' object has no attribute 'marketdata'
Traceback (most recent call last):
  File "C:\Users\limue\Documents\Projects\stock_notification\main.py", line 59, in run_screening
    passed_stocks = screener.run()
  File "C:\Users\limue\Documents\Projects\stock_notification\screener.py", line 132, in run
    snapshots = self.realtime.get_all_snapshots()
  File "C:\Users\limue\Documents\Projects\stock_notification\data_fetcher.py", line 56, in get_all_snapshots
    rest = sdk.marketdata.rest_client
           ^^^^^^^^^^^^^^
AttributeError: 'FubonSDK' object has no attribute 'marketdata'
2026-06-25 17:45:27 [INFO] main - ══════════════════════════════════════════════════
2026-06-25 17:45:27 [INFO] main - 開始執行股票篩選 (2026-06-25 17:45:27)
2026-06-25 17:45:28 [INFO] trading_calendar - 已載入 2026 年休市日期 0 筆
2026-06-25 17:45:28 [INFO] screener - 開始執行股票篩選...
2026-06-25 17:45:28 [INFO] screener - 取得即時快照...
2026-06-25 17:45:29 [INFO] data_fetcher - 富邦 Neo API 登入成功
2026-06-25 17:45:29 [ERROR] main - 篩選過程發生未預期錯誤: 'FubonSDK' object has no attribute 'marketdata'
Traceback (most recent call last):
  File "C:\Users\limue\Documents\Projects\stock_notification\main.py", line 59, in run_screening
    passed_stocks = screener.run()
  File "C:\Users\limue\Documents\Projects\stock_notification\screener.py", line 132, in run
    snapshots = self.realtime.get_all_snapshots()
  File "C:\Users\limue\Documents\Projects\stock_notification\data_fetcher.py", line 56, in get_all_snapshots
    rest = sdk.marketdata.rest_client
           ^^^^^^^^^^^^^^
AttributeError: 'FubonSDK' object has no attribute 'marketdata'
